1504218118: mosquitto version 1.4.14 (build date Mon, 10 Jul 2017 23:48:43 +0100) starting
1504218118: Config loaded from /mqtt/config/mosquitto.conf.
1504218118: Opening websockets listen socket on port 9001.
1504218118: Opening ipv4 listen socket on port 1883.
1504218118: Opening ipv6 listen socket on port 1883.
1504218951: mosquitto version 1.4.14 terminating
1504219126: mosquitto version 1.4.14 (build date Mon, 10 Jul 2017 23:48:43 +0100) starting
1504219126: Config loaded from /mqtt/config/mosquitto.conf.
1504219126: Opening websockets listen socket on port 9001.
1504219126: Opening ipv4 listen socket on port 1883.
1504219126: Opening ipv6 listen socket on port 1883.
1504219377: mosquitto version 1.4.14 terminating
1504219410: mosquitto version 1.4.14 (build date Mon, 10 Jul 2017 23:48:43 +0100) starting
1504219410: Config loaded from /mqtt/config/mosquitto.conf.
1504219410: Opening websockets listen socket on port 9001.
1504219410: Opening ipv4 listen socket on port 1883.
1504219410: Opening ipv6 listen socket on port 1883.
1504355324: Saving in-memory database to /mqtt/data/mosquitto.db.
1504559530: mosquitto version 1.4.14 (build date Mon, 10 Jul 2017 23:48:43 +0100) starting
1504559530: Config loaded from /mqtt/config/mosquitto.conf.
1504559530: Opening websockets listen socket on port 9001.
1504559530: Opening ipv4 listen socket on port 1883.
1504559530: Opening ipv6 listen socket on port 1883.
1504559645: mosquitto version 1.4.14 terminating
1504559740: mosquitto version 1.4.14 (build date Mon, 10 Jul 2017 23:48:43 +0100) starting
1504559740: Config loaded from /mqtt/config/mosquitto.conf.
1504559740: Opening websockets listen socket on port 9001.
1504559740: Opening ipv4 listen socket on port 1883.
1504559740: Opening ipv6 listen socket on port 1883.
1504559876: mosquitto version 1.4.14 terminating
1504560023: mosquitto version 1.4.14 (build date Mon, 10 Jul 2017 23:48:43 +0100) starting
1504560372: mosquitto version 1.4.14 (build date Mon, 10 Jul 2017 23:48:43 +0100) starting
1504560372: Config loaded from /mqtt/config/mosquitto.conf.
1504560372: Opening websockets listen socket on port 9001.
1504560372: Opening ipv4 listen socket on port 1883.
1504560372: Opening ipv6 listen socket on port 1883.
1504560919: mosquitto version 1.4.14 terminating
1504560991: mosquitto version 1.4.14 (build date Mon, 10 Jul 2017 23:48:43 +0100) starting
1504560991: Config loaded from /mqtt/config/mosquitto.conf.
1504560991: Opening websockets listen socket on port 9001.
1504560991: Opening ipv4 listen socket on port 1883.
1504560991: Opening ipv6 listen socket on port 1883.
1504561374: mosquitto version 1.4.14 terminating
1504561406: mosquitto version 1.4.14 (build date Mon, 10 Jul 2017 23:48:43 +0100) starting
1504561406: Config loaded from /mqtt/config/mosquitto.conf.
1504561406: Opening websockets listen socket on port 9001.
1504561406: Opening ipv4 listen socket on port 1883.
1504561406: Opening ipv6 listen socket on port 1883.
1504563987: Saving in-memory database to /mqtt/data/mosquitto.db.
1504569380: Saving in-memory database to /mqtt/data/mosquitto.db.
1504632051: Saving in-memory database to /mqtt/data/mosquitto.db.
1504633980: Saving in-memory database to /mqtt/data/mosquitto.db.
1504636465: Saving in-memory database to /mqtt/data/mosquitto.db.
1504639028: Saving in-memory database to /mqtt/data/mosquitto.db.
1504640829: Saving in-memory database to /mqtt/data/mosquitto.db.
1504643448: Saving in-memory database to /mqtt/data/mosquitto.db.
1504645599: Saving in-memory database to /mqtt/data/mosquitto.db.
1504647401: Saving in-memory database to /mqtt/data/mosquitto.db.
1504667162: Saving in-memory database to /mqtt/data/mosquitto.db.
1504690156: Saving in-memory database to /mqtt/data/mosquitto.db.
1504691957: Saving in-memory database to /mqtt/data/mosquitto.db.
1504693758: Saving in-memory database to /mqtt/data/mosquitto.db.
1504695559: Saving in-memory database to /mqtt/data/mosquitto.db.
1504697360: Saving in-memory database to /mqtt/data/mosquitto.db.
1504699161: Saving in-memory database to /mqtt/data/mosquitto.db.
1504700962: Saving in-memory database to /mqtt/data/mosquitto.db.
1504703897: Saving in-memory database to /mqtt/data/mosquitto.db.
1504706013: Saving in-memory database to /mqtt/data/mosquitto.db.
1504715763: Saving in-memory database to /mqtt/data/mosquitto.db.
1504717565: Saving in-memory database to /mqtt/data/mosquitto.db.
1504730414: Saving in-memory database to /mqtt/data/mosquitto.db.
1504732215: Saving in-memory database to /mqtt/data/mosquitto.db.
1504734016: Saving in-memory database to /mqtt/data/mosquitto.db.
1504735817: Saving in-memory database to /mqtt/data/mosquitto.db.
1504768259: mosquitto version 1.4.14 terminating
1505165425: mosquitto version 1.4.14 (build date Mon, 10 Jul 2017 23:48:43 +0100) starting
1505165427: mosquitto version 1.4.14 (build date Mon, 10 Jul 2017 23:48:43 +0100) starting
1505165427: Config loaded from /mqtt/config/mosquitto.conf.
1505165427: Opening websockets listen socket on port 9001.
1505165427: Opening ipv4 listen socket on port 1883.
1505165427: Opening ipv6 listen socket on port 1883.
1505166206: mosquitto version 1.4.14 terminating
1505165425: Config loaded from /mqtt/config/mosquitto.conf.
1505165425: Opening websockets listen socket on port 9001.
1505165425: Opening ipv4 listen socket on port 1883.
1505165425: Opening ipv6 listen socket on port 1883.
1505166206: mosquitto version 1.4.14 terminating
1505166260: mosquitto version 1.4.14 (build date Mon, 10 Jul 2017 23:48:43 +0100) starting
1505166261: mosquitto version 1.4.14 (build date Mon, 10 Jul 2017 23:48:43 +0100) starting
1505166260: Config loaded from /mqtt/config/mosquitto.conf.
1505166260: Opening websockets listen socket on port 9001.
1505166260: Opening ipv4 listen socket on port 1883.
1505166260: Opening ipv6 listen socket on port 1883.
1505166409: mosquitto version 1.4.14 terminating
1505166261: Config loaded from /mqtt/config/mosquitto.conf.
1505166261: Opening websockets listen socket on port 9001.
1505166261: Opening ipv4 listen socket on port 1883.
1505166261: Opening ipv6 listen socket on port 1883.
1505166409: mosquitto version 1.4.14 terminating
1505166455: mosquitto version 1.4.14 (build date Mon, 10 Jul 2017 23:48:43 +0100) starting
1505166455: mosquitto version 1.4.14 (build date Mon, 10 Jul 2017 23:48:43 +0100) starting
1505166455: Config loaded from /mqtt/config/mosquitto.conf.
1505166455: Opening websockets listen socket on port 9001.
1505166455: Opening ipv4 listen socket on port 1883.
1505166455: Opening ipv6 listen socket on port 1883.
1505166603: mosquitto version 1.4.14 terminating
1505166455: Config loaded from /mqtt/config/mosquitto.conf.
1505166455: Opening websockets listen socket on port 9001.
1505166455: Opening ipv4 listen socket on port 1883.
1505166455: Opening ipv6 listen socket on port 1883.
1505166603: mosquitto version 1.4.14 terminating
1505166640: mosquitto version 1.4.14 (build date Mon, 10 Jul 2017 23:48:43 +0100) starting
1505166642: mosquitto version 1.4.14 (build date Mon, 10 Jul 2017 23:48:43 +0100) starting
1505166642: Config loaded from /mqtt/config/mosquitto.conf.
1505166642: Opening websockets listen socket on port 9001.
1505166642: Opening ipv4 listen socket on port 1883.
1505166642: Opening ipv6 listen socket on port 1883.
1505166964: mosquitto version 1.4.14 terminating
1505166640: Config loaded from /mqtt/config/mosquitto.conf.
1505166640: Opening websockets listen socket on port 9001.
1505166640: Opening ipv4 listen socket on port 1883.
1505166640: Opening ipv6 listen socket on port 1883.
1505166964: mosquitto version 1.4.14 terminating
1505167535: mosquitto version 1.4.14 (build date Mon, 10 Jul 2017 23:48:43 +0100) starting
1505167536: mosquitto version 1.4.14 (build date Mon, 10 Jul 2017 23:48:43 +0100) starting
1505167536: Config loaded from /mqtt/config/mosquitto.conf.
1505167536: Opening websockets listen socket on port 9001.
1505167536: Opening ipv4 listen socket on port 1883.
1505167536: Opening ipv6 listen socket on port 1883.
1505167770: mosquitto version 1.4.14 terminating
1505167535: Config loaded from /mqtt/config/mosquitto.conf.
1505167535: Opening websockets listen socket on port 9001.
1505167535: Opening ipv4 listen socket on port 1883.
1505167535: Opening ipv6 listen socket on port 1883.
1505167770: mosquitto version 1.4.14 terminating
1505167801: mosquitto version 1.4.14 (build date Mon, 10 Jul 2017 23:48:43 +0100) starting
1505167801: mosquitto version 1.4.14 (build date Mon, 10 Jul 2017 23:48:43 +0100) starting
1505167801: Config loaded from /mqtt/config/mosquitto.conf.
1505167801: Opening websockets listen socket on port 9001.
1505167801: Opening ipv4 listen socket on port 1883.
1505167801: Opening ipv6 listen socket on port 1883.
1505168688: mosquitto version 1.4.14 terminating
1505167801: Config loaded from /mqtt/config/mosquitto.conf.
1505167801: Opening websockets listen socket on port 9001.
1505167801: Opening ipv4 listen socket on port 1883.
1505167801: Opening ipv6 listen socket on port 1883.
1505168688: mosquitto version 1.4.14 terminating
1505168726: mosquitto version 1.4.14 (build date Mon, 10 Jul 2017 23:48:43 +0100) starting
1505168727: mosquitto version 1.4.14 (build date Mon, 10 Jul 2017 23:48:43 +0100) starting
1505168726: Config loaded from /mqtt/config/mosquitto.conf.
1505168726: Opening websockets listen socket on port 9001.
1505168726: Opening ipv4 listen socket on port 1883.
1505168726: Opening ipv6 listen socket on port 1883.
1505169121: mosquitto version 1.4.14 terminating
1505168727: Config loaded from /mqtt/config/mosquitto.conf.
1505168727: Opening websockets listen socket on port 9001.
1505168728: Opening ipv4 listen socket on port 1883.
1505168728: Opening ipv6 listen socket on port 1883.
1505169121: mosquitto version 1.4.14 terminating
1505169159: mosquitto version 1.4.14 (build date Mon, 10 Jul 2017 23:48:43 +0100) starting
1505169159: mosquitto version 1.4.14 (build date Mon, 10 Jul 2017 23:48:43 +0100) starting
1505169159: Config loaded from /mqtt/config/mosquitto.conf.
1505169159: Opening websockets listen socket on port 9001.
1505169159: Opening ipv4 listen socket on port 1883.
1505169159: Opening ipv6 listen socket on port 1883.
1505169636: mosquitto version 1.4.14 terminating
1505169159: Config loaded from /mqtt/config/mosquitto.conf.
1505169159: Opening websockets listen socket on port 9001.
1505169159: Opening ipv4 listen socket on port 1883.
1505169159: Opening ipv6 listen socket on port 1883.
1505169636: mosquitto version 1.4.14 terminating
1505169704: mosquitto version 1.4.14 (build date Mon, 10 Jul 2017 23:48:43 +0100) starting
1505169704: mosquitto version 1.4.14 (build date Mon, 10 Jul 2017 23:48:43 +0100) starting
1505169704: Config loaded from /mqtt/config/mosquitto.conf.
1505169704: Opening websockets listen socket on port 9001.
1505169704: Opening ipv4 listen socket on port 1883.
1505169704: Opening ipv6 listen socket on port 1883.
1505171165: mosquitto version 1.4.14 terminating
1505169704: Config loaded from /mqtt/config/mosquitto.conf.
1505169704: Opening websockets listen socket on port 9001.
1505169704: Opening ipv4 listen socket on port 1883.
1505169704: Opening ipv6 listen socket on port 1883.
1505171165: mosquitto version 1.4.14 terminating
